2026-05-29 23:17:45,107  INFO      IsotopeTrack.MainWindow  mainwindow.__init__:159  MainWindow initialization starting
2026-05-29 23:17:45,107  INFO      IsotopeTrack  .None:0  [USER ACTION] STARTUP: Application started
2026-05-29 23:17:45,187  DEBUG     IsotopeTrack.MainWindow  mainwindow.update_parameters_table:3850  update_parameters_table: rebuilding (force=True)
2026-05-29 23:17:45,245  INFO      IsotopeTrack.MainWindow  mainwindow.apply_theme:897  Theme applied: light
2026-05-29 23:17:53,649  INFO      IsotopeTrack  .None:0  [USER ACTION] CLICK: Sidebar collapsed
2026-05-29 23:17:54,531  INFO      IsotopeTrack  .None:0  [USER ACTION] CLICK: Sidebar expanded
2026-05-29 23:18:03,266  INFO      IsotopeTrack.MainWindow  mainwindow.apply_theme:897  Theme applied: dark
2026-05-29 23:18:05,266  INFO      IsotopeTrack  .None:0  [USER ACTION] CLICK: Switched plot view to 'mz'
2026-05-29 23:18:05,717  INFO      IsotopeTrack  .None:0  [USER ACTION] CLICK: Switched plot view to 'time'
2026-05-29 23:18:10,560  INFO      IsotopeTrack.MainWindow  mainwindow.apply_theme:897  Theme applied: light
2026-05-29 23:18:13,408  INFO      IsotopeTrack  .None:0  [USER ACTION] MENU: File -> Load Project
2026-05-29 23:18:13,408  INFO      IsotopeTrack  .None:0  [USER ACTION] MENU: File → Load Project
2026-05-29 23:18:20,486  DEBUG     IsotopeTrack.MainWindow  mainwindow.update_parameters_table:3850  update_parameters_table: rebuilding (force=True)
2026-05-29 23:18:20,586  INFO      IsotopeTrack  .None:0  [USER ACTION] SAMPLE_SELECT: Selected sample: 2710a_100000x_3
2026-05-29 23:18:20,658  INFO      IsotopeTrack  .None:0  [USER ACTION] NEW_WINDOW: Opened Workflow Builder canvas
2026-05-29 23:18:20,658  INFO      IsotopeTrack  .None:0  [USER ACTION] DATA_OP: Added node: Multi-Sample
2026-05-29 23:18:20,658  INFO      IsotopeTrack  .None:0  [USER ACTION] DATA_OP: Added node: Single Sample
2026-05-29 23:18:20,659  INFO      IsotopeTrack  .None:0  [USER ACTION] FILE_OP: Project Load: project file
2026-05-29 23:18:28,899  INFO      IsotopeTrack  .None:0  [USER ACTION] DIALOG_OPEN: Opened Ionic Calibration
2026-05-29 23:18:29,009  INFO      IsotopeTrack  .None:0  [USER ACTION] DIALOG_OPEN: Opened Ionic Calibration window
2026-05-29 23:18:30,495  INFO      IsotopeTrack  .None:0  [USER ACTION] CLICK: Ionic Calibration tab: Manual Sensitivity
2026-05-29 23:18:30,962  INFO      IsotopeTrack  .None:0  [USER ACTION] CLICK: Ionic Calibration tab: Calibration Results
2026-05-29 23:18:31,416  INFO      IsotopeTrack  .None:0  [USER ACTION] CLICK: Ionic Calibration tab: Data Management
2026-05-29 23:18:37,753  INFO      IsotopeTrack  .None:0  [USER ACTION] CLICK: Opened results dialog
2026-05-29 23:18:53,334  INFO      IsotopeTrack.MainWindow  mainwindow.apply_theme:897  Theme applied: dark
2026-05-29 23:19:06,177  INFO      IsotopeTrack.MainWindow  mainwindow.apply_theme:897  Theme applied: light
2026-05-29 23:19:07,365  INFO      IsotopeTrack  .None:0  [USER ACTION] CLICK: Switched plot view to 'mz'
2026-05-29 23:19:09,715  INFO      IsotopeTrack  .None:0  [USER ACTION] CLICK: Switched plot view to 'time'
2026-05-29 23:19:23,296  INFO      IsotopeTrack  .None:0  [USER ACTION] SAMPLE_SELECT: Selected sample: 2710a_100000x_2
2026-05-29 23:19:23,300  DEBUG     IsotopeTrack.MainWindow  mainwindow.update_parameters_table:3850  update_parameters_table: rebuilding (force=False)
2026-05-29 23:19:24,022  INFO      IsotopeTrack  .None:0  [USER ACTION] SAMPLE_SELECT: Selected sample: 2710a_100000x_1
2026-05-29 23:19:24,027  DEBUG     IsotopeTrack.MainWindow  mainwindow.update_parameters_table:3850  update_parameters_table: rebuilding (force=False)
2026-05-29 23:19:24,638  INFO      IsotopeTrack  .None:0  [USER ACTION] SAMPLE_SELECT: Selected sample: 2709a_100000x_3
2026-05-29 23:19:24,644  DEBUG     IsotopeTrack.MainWindow  mainwindow.update_parameters_table:3850  update_parameters_table: rebuilding (force=False)
2026-05-29 23:19:25,305  INFO      IsotopeTrack  .None:0  [USER ACTION] SAMPLE_SELECT: Selected sample: 2710a_100000x_1
2026-05-29 23:19:25,311  DEBUG     IsotopeTrack.MainWindow  mainwindow.update_parameters_table:3850  update_parameters_table: rebuilding (force=False)
2026-05-29 23:19:25,772  INFO      IsotopeTrack  .None:0  [USER ACTION] SAMPLE_SELECT: Selected sample: 2710a_100000x_2
2026-05-29 23:19:25,777  DEBUG     IsotopeTrack.MainWindow  mainwindow.update_parameters_table:3850  update_parameters_table: rebuilding (force=False)
2026-05-29 23:19:26,246  INFO      IsotopeTrack  .None:0  [USER ACTION] SAMPLE_SELECT: Selected sample: 2710a_100000x_3
2026-05-29 23:19:26,252  DEBUG     IsotopeTrack.MainWindow  mainwindow.update_parameters_table:3850  update_parameters_table: rebuilding (force=False)
2026-05-29 23:19:29,369  CRITICAL  IsotopeTrack  .None:0  Unhandled exception: SystemError: <method 'disconnect' of 'PySide6.QtCore.SignalInstance' objects> returned a result with an exception set
RuntimeError: libshiboken: Internal C++ object (IonicCalibrationWindow) already deleted.

The above exception was the direct cause of the following exception:

Traceback (most recent call last):
  File "/Users/Houssame-E/Desktop/App_mac/calibration_methods/ionic_CAL.py", line 477, in <lambda>
    self.destroyed.connect(lambda *_: self._theme_cleanup())
                                      ~~~~~~~~~~~~~~~~~~~^^
  File "/Users/Houssame-E/Desktop/App_mac/theme.py", line 352, in _disconnect
    self.themeChanged.disconnect(slot)
    ~~~~~~~~~~~~~~~~~~~~~~~~~~~~^^^^^^
SystemError: <method 'disconnect' of 'PySide6.QtCore.SignalInstance' objects> returned a result with an exception set
2026-05-29 23:19:29,378  CRITICAL  IsotopeTrack  .None:0  Unhandled exception: SystemError: <method 'disconnect' of 'PySide6.QtCore.SignalInstance' objects> returned a result with an exception set
RuntimeError: libshiboken: Internal C++ object (PeriodicTableWidget) already deleted.

The above exception was the direct cause of the following exception:

Traceback (most recent call last):
  File "/Users/Houssame-E/Desktop/App_mac/widget/periodic_table_widget.py", line 804, in <lambda>
    self.destroyed.connect(lambda *_: self._theme_cleanup())
                                      ~~~~~~~~~~~~~~~~~~~^^
  File "/Users/Houssame-E/Desktop/App_mac/theme.py", line 352, in _disconnect
    self.themeChanged.disconnect(slot)
    ~~~~~~~~~~~~~~~~~~~~~~~~~~~~^^^^^^
SystemError: <method 'disconnect' of 'PySide6.QtCore.SignalInstance' objects> returned a result with an exception set
2026-05-29 23:19:29,383  CRITICAL  IsotopeTrack  .None:0  Unhandled exception: SystemError: <method 'disconnect' of 'PySide6.QtCore.SignalInstance' objects> returned a result with an exception set
RuntimeError: libshiboken: Internal C++ object (PeriodicTableWidget) already deleted.

The above exception was the direct cause of the following exception:

Traceback (most recent call last):
  File "/Users/Houssame-E/Desktop/App_mac/widget/periodic_table_widget.py", line 804, in <lambda>
    self.destroyed.connect(lambda *_: self._theme_cleanup())
                                      ~~~~~~~~~~~~~~~~~~~^^
  File "/Users/Houssame-E/Desktop/App_mac/theme.py", line 352, in _disconnect
    self.themeChanged.disconnect(slot)
    ~~~~~~~~~~~~~~~~~~~~~~~~~~~~^^^^^^
SystemError: <method 'disconnect' of 'PySide6.QtCore.SignalInstance' objects> returned a result with an exception set
