2026-05-29 17:29:29,241  INFO      IsotopeTrack.MainWindow  mainwindow.__init__:159  MainWindow initialization starting
2026-05-29 17:29:29,241  INFO      IsotopeTrack  .None:0  [USER ACTION] STARTUP: Application started
2026-05-29 17:29:29,384  INFO      IsotopeTrack.MainWindow  mainwindow.apply_theme:896  Theme applied: light
2026-05-29 17:29:33,698  INFO      IsotopeTrack  .None:0  [USER ACTION] MENU: File -> Load Project
2026-05-29 17:29:33,698  INFO      IsotopeTrack  .None:0  [USER ACTION] MENU: File → Load Project
2026-05-29 17:29:42,239  INFO      IsotopeTrack  .None:0  [USER ACTION] SAMPLE_SELECT: Selected sample: 2710a_100000x_3
2026-05-29 17:29:42,551  INFO      IsotopeTrack  .None:0  [USER ACTION] NEW_WINDOW: Opened Workflow Builder canvas
2026-05-29 17:29:42,551  INFO      IsotopeTrack  .None:0  [USER ACTION] DATA_OP: Added node: Multi-Sample
2026-05-29 17:29:42,551  INFO      IsotopeTrack  .None:0  [USER ACTION] DATA_OP: Added node: Single Sample
2026-05-29 17:29:42,552  INFO      IsotopeTrack  .None:0  [USER ACTION] FILE_OP: Project Load: project file
2026-05-29 17:29:43,082  INFO      IsotopeTrack  .None:0  [USER ACTION] CLICK: Opened results dialog
2026-05-29 17:29:50,840  INFO      IsotopeTrack  .None:0  [USER ACTION] SAMPLE_SELECT: Canvas node configured: 2710a_100000x_3
2026-05-29 17:29:52,712  INFO      IsotopeTrack  .None:0  [USER ACTION] CLICK: Dragged node from palette: Clustering
2026-05-29 17:29:53,061  INFO      IsotopeTrack  .None:0  [USER ACTION] DATA_OP: Added node: Clustering Analysis
2026-05-29 17:29:54,254  INFO      IsotopeTrack  .None:0  [USER ACTION] DATA_OP: Connected: Single Sample → Clustering Analysis
2026-05-29 17:29:54,693  INFO      IsotopeTrack  .None:0  [USER ACTION] DIALOG_OPEN: Opened viz node: Clustering
2026-05-29 17:30:00,346  INFO      IsotopeTrack.MainWindow  mainwindow.apply_theme:896  Theme applied: dark
2026-05-29 17:31:10,996  INFO      IsotopeTrack.MainWindow  mainwindow.apply_theme:896  Theme applied: light
2026-05-29 17:31:58,200  INFO      IsotopeTrack.MainWindow  mainwindow.apply_theme:896  Theme applied: dark
2026-05-29 17:32:02,915  INFO      IsotopeTrack.MainWindow  mainwindow.apply_theme:896  Theme applied: light
2026-05-29 17:32:05,293  INFO      IsotopeTrack.MainWindow  mainwindow.apply_theme:896  Theme applied: dark
2026-05-29 17:38:00,671  CRITICAL  IsotopeTrack  .None:0  Unhandled exception: SystemError: <method 'disconnect' of 'PySide6.QtCore.SignalInstance' objects> returned a result with an exception set
RuntimeError: libshiboken: Internal C++ object (PeriodicTableWidget) already deleted.

The above exception was the direct cause of the following exception:

Traceback (most recent call last):
  File "/Users/Houssame-E/Desktop/App_mac/widget/periodic_table_widget.py", line 804, in <lambda>
    self.destroyed.connect(lambda *_: self._theme_cleanup())
                                      ~~~~~~~~~~~~~~~~~~~^^
  File "/Users/Houssame-E/Desktop/App_mac/theme.py", line 352, in _disconnect
    self.themeChanged.disconnect(slot)
    ~~~~~~~~~~~~~~~~~~~~~~~~~~~~^^^^^^
SystemError: <method 'disconnect' of 'PySide6.QtCore.SignalInstance' objects> returned a result with an exception set
