2026-05-29 12:05:58,156  INFO      IsotopeTrack.MainWindow  mainwindow.__init__:159  MainWindow initialization starting
2026-05-29 12:05:58,156  INFO      IsotopeTrack  .None:0  [USER ACTION] STARTUP: Application started
2026-05-29 12:05:58,572  INFO      IsotopeTrack.MainWindow  mainwindow.apply_theme:896  Theme applied: light
2026-05-29 12:06:04,480  INFO      IsotopeTrack  .None:0  [USER ACTION] MENU: File -> Load Project
2026-05-29 12:06:04,480  INFO      IsotopeTrack  .None:0  [USER ACTION] MENU: File → Load Project
2026-05-29 12:06:09,142  INFO      IsotopeTrack  .None:0  [USER ACTION] SAMPLE_SELECT: Selected sample: 2710a_100000x_3
2026-05-29 12:06:09,427  INFO      IsotopeTrack  .None:0  [USER ACTION] NEW_WINDOW: Opened Workflow Builder canvas
2026-05-29 12:06:09,427  INFO      IsotopeTrack  .None:0  [USER ACTION] DATA_OP: Added node: Multi-Sample
2026-05-29 12:06:09,427  INFO      IsotopeTrack  .None:0  [USER ACTION] DATA_OP: Added node: Single Sample
2026-05-29 12:06:09,428  INFO      IsotopeTrack  .None:0  [USER ACTION] FILE_OP: Project Load: project file
2026-05-29 12:06:10,003  INFO      IsotopeTrack  .None:0  [USER ACTION] CLICK: Opened results dialog
2026-05-29 12:06:12,594  INFO      IsotopeTrack  .None:0  [USER ACTION] CLICK: Dragged node from palette: Clustering
2026-05-29 12:06:12,899  INFO      IsotopeTrack  .None:0  [USER ACTION] DATA_OP: Added node: Clustering Analysis
2026-05-29 12:06:16,344  INFO      IsotopeTrack  .None:0  [USER ACTION] SAMPLE_SELECT: Canvas node configured: 2710a_100000x_3
2026-05-29 12:06:17,919  INFO      IsotopeTrack  .None:0  [USER ACTION] DATA_OP: Connected: Single Sample → Clustering Analysis
2026-05-29 12:06:18,432  INFO      IsotopeTrack  .None:0  [USER ACTION] DIALOG_OPEN: Opened viz node: Clustering
2026-05-29 12:12:07,798  INFO      IsotopeTrack  .None:0  [USER ACTION] DATA_OP: Removed connection: Single Sample → Clustering Analysis
2026-05-29 12:12:07,798  INFO      IsotopeTrack  .None:0  [USER ACTION] DATA_OP: Deleted node: Clustering Analysis
2026-05-29 12:12:10,089  INFO      IsotopeTrack  .None:0  [USER ACTION] CLICK: Dragged node from palette: Clustering
2026-05-29 12:12:10,331  INFO      IsotopeTrack  .None:0  [USER ACTION] DATA_OP: Added node: Clustering Analysis
2026-05-29 12:12:12,171  INFO      IsotopeTrack  .None:0  [USER ACTION] DATA_OP: Connected: Multi-Sample → Clustering Analysis
2026-05-29 12:12:20,762  INFO      IsotopeTrack  .None:0  [USER ACTION] DIALOG_OPEN: Opened viz node: Clustering
