2026-05-29 23:04:11,111  INFO      IsotopeTrack.MainWindow  mainwindow.__init__:159  MainWindow initialization starting
2026-05-29 23:04:11,112  INFO      IsotopeTrack  .None:0  [USER ACTION] STARTUP: Application started
2026-05-29 23:04:11,186  DEBUG     IsotopeTrack.MainWindow  mainwindow.update_parameters_table:3828  update_parameters_table: rebuilding (force=True)
2026-05-29 23:04:11,245  INFO      IsotopeTrack.MainWindow  mainwindow.apply_theme:896  Theme applied: light
2026-05-29 23:04:14,138  INFO      IsotopeTrack  .None:0  [USER ACTION] CLICK: Sidebar collapsed
2026-05-29 23:04:15,398  CRITICAL  IsotopeTrack  .None:0  Unhandled exception: NameError: cannot access free variable '_self_ref' where it is not associated with a value in enclosing scope
Traceback (most recent call last):
  File "/Users/Houssame-E/Desktop/App_mac/mainwindow.py", line 397, in <lambda>
    self.edge_strip.mousePressEvent = lambda e: _self_ref() and _self_ref().toggle_sidebar()
                                                ^^^^^^^^^
NameError: cannot access free variable '_self_ref' where it is not associated with a value in enclosing scope
2026-05-29 23:04:16,129  CRITICAL  IsotopeTrack  .None:0  Unhandled exception: NameError: cannot access free variable '_self_ref' where it is not associated with a value in enclosing scope
Traceback (most recent call last):
  File "/Users/Houssame-E/Desktop/App_mac/mainwindow.py", line 397, in <lambda>
    self.edge_strip.mousePressEvent = lambda e: _self_ref() and _self_ref().toggle_sidebar()
                                                ^^^^^^^^^
NameError: cannot access free variable '_self_ref' where it is not associated with a value in enclosing scope
2026-05-29 23:04:17,446  CRITICAL  IsotopeTrack  .None:0  Unhandled exception: NameError: cannot access free variable '_self_ref' where it is not associated with a value in enclosing scope
Traceback (most recent call last):
  File "/Users/Houssame-E/Desktop/App_mac/mainwindow.py", line 397, in <lambda>
    self.edge_strip.mousePressEvent = lambda e: _self_ref() and _self_ref().toggle_sidebar()
                                                ^^^^^^^^^
NameError: cannot access free variable '_self_ref' where it is not associated with a value in enclosing scope
2026-05-29 23:04:17,613  CRITICAL  IsotopeTrack  .None:0  Unhandled exception: NameError: cannot access free variable '_self_ref' where it is not associated with a value in enclosing scope
Traceback (most recent call last):
  File "/Users/Houssame-E/Desktop/App_mac/mainwindow.py", line 397, in <lambda>
    self.edge_strip.mousePressEvent = lambda e: _self_ref() and _self_ref().toggle_sidebar()
                                                ^^^^^^^^^
NameError: cannot access free variable '_self_ref' where it is not associated with a value in enclosing scope
2026-05-29 23:04:17,746  CRITICAL  IsotopeTrack  .None:0  Unhandled exception: NameError: cannot access free variable '_self_ref' where it is not associated with a value in enclosing scope
Traceback (most recent call last):
  File "/Users/Houssame-E/Desktop/App_mac/mainwindow.py", line 397, in <lambda>
    self.edge_strip.mousePressEvent = lambda e: _self_ref() and _self_ref().toggle_sidebar()
                                                ^^^^^^^^^
NameError: cannot access free variable '_self_ref' where it is not associated with a value in enclosing scope
2026-05-29 23:04:19,313  CRITICAL  IsotopeTrack  .None:0  Unhandled exception: NameError: cannot access free variable '_self_ref' where it is not associated with a value in enclosing scope
Traceback (most recent call last):
  File "/Users/Houssame-E/Desktop/App_mac/mainwindow.py", line 397, in <lambda>
    self.edge_strip.mousePressEvent = lambda e: _self_ref() and _self_ref().toggle_sidebar()
                                                ^^^^^^^^^
NameError: cannot access free variable '_self_ref' where it is not associated with a value in enclosing scope
2026-05-29 23:04:19,479  CRITICAL  IsotopeTrack  .None:0  Unhandled exception: NameError: cannot access free variable '_self_ref' where it is not associated with a value in enclosing scope
Traceback (most recent call last):
  File "/Users/Houssame-E/Desktop/App_mac/mainwindow.py", line 397, in <lambda>
    self.edge_strip.mousePressEvent = lambda e: _self_ref() and _self_ref().toggle_sidebar()
                                                ^^^^^^^^^
NameError: cannot access free variable '_self_ref' where it is not associated with a value in enclosing scope
2026-05-29 23:04:19,621  CRITICAL  IsotopeTrack  .None:0  Unhandled exception: NameError: cannot access free variable '_self_ref' where it is not associated with a value in enclosing scope
Traceback (most recent call last):
  File "/Users/Houssame-E/Desktop/App_mac/mainwindow.py", line 397, in <lambda>
    self.edge_strip.mousePressEvent = lambda e: _self_ref() and _self_ref().toggle_sidebar()
                                                ^^^^^^^^^
NameError: cannot access free variable '_self_ref' where it is not associated with a value in enclosing scope
