2026-05-30 00:00:30,324  INFO      IsotopeTrack.MainWindow  mainwindow.__init__:159  MainWindow initialization starting
2026-05-30 00:00:30,324  INFO      IsotopeTrack  .None:0  [USER ACTION] STARTUP: Application started
2026-05-30 00:00:30,398  DEBUG     IsotopeTrack.MainWindow  mainwindow.update_parameters_table:3935  update_parameters_table: rebuilding (force=True)
2026-05-30 00:00:30,455  INFO      IsotopeTrack.MainWindow  mainwindow.apply_theme:924  Theme applied: dark
2026-05-30 00:00:45,094  INFO      IsotopeTrack.MainWindow  mainwindow.apply_theme:924  Theme applied: light
2026-05-30 00:00:51,224  INFO      IsotopeTrack  .None:0  [USER ACTION] MENU: File -> Load Project
2026-05-30 00:00:51,224  INFO      IsotopeTrack  .None:0  [USER ACTION] MENU: File → Load Project
2026-05-30 00:00:58,472  DEBUG     IsotopeTrack.MainWindow  mainwindow.update_parameters_table:3935  update_parameters_table: rebuilding (force=True)
2026-05-30 00:00:58,576  INFO      IsotopeTrack  .None:0  [USER ACTION] SAMPLE_SELECT: Selected sample: 2710a_100000x_3
2026-05-30 00:00:58,649  INFO      IsotopeTrack  .None:0  [USER ACTION] NEW_WINDOW: Opened Workflow Builder canvas
2026-05-30 00:00:58,649  INFO      IsotopeTrack  .None:0  [USER ACTION] DATA_OP: Added node: Multi-Sample
2026-05-30 00:00:58,649  INFO      IsotopeTrack  .None:0  [USER ACTION] DATA_OP: Added node: Single Sample
2026-05-30 00:00:58,650  INFO      IsotopeTrack  .None:0  [USER ACTION] FILE_OP: Project Load: project file
2026-05-30 00:05:07,293  INFO      IsotopeTrack  .None:0  [USER ACTION] CLICK: Switched plot view to 'time'
2026-05-30 00:05:07,707  INFO      IsotopeTrack  .None:0  [USER ACTION] CLICK: Switched plot view to 'mz'
2026-05-30 00:05:08,422  INFO      IsotopeTrack  .None:0  [USER ACTION] CLICK: Switched plot view to 'time'
2026-05-30 00:05:08,964  INFO      IsotopeTrack  .None:0  [USER ACTION] CLICK: Switched plot view to 'mz'
2026-05-30 00:05:09,764  INFO      IsotopeTrack  .None:0  [USER ACTION] CLICK: Switched plot view to 'time'
2026-05-30 00:05:10,565  INFO      IsotopeTrack  .None:0  [USER ACTION] CLICK: Switched plot view to 'mz'
2026-05-30 00:05:16,091  INFO      IsotopeTrack  .None:0  [USER ACTION] CLICK: Switched plot view to 'time'
2026-05-30 00:05:19,793  INFO      IsotopeTrack  .None:0  [USER ACTION] CLICK: Switched plot view to 'mz'
2026-05-30 00:05:27,887  INFO      IsotopeTrack  .None:0  [USER ACTION] CLICK: Switched plot view to 'time'
2026-05-30 00:05:33,562  INFO      IsotopeTrack  .None:0  [USER ACTION] CLICK: Switched plot view to 'mz'
