2026-05-29 23:44:15,689  INFO      IsotopeTrack.MainWindow  mainwindow.__init__:159  MainWindow initialization starting
2026-05-29 23:44:15,689  INFO      IsotopeTrack  .None:0  [USER ACTION] STARTUP: Application started
2026-05-29 23:44:15,777  DEBUG     IsotopeTrack.MainWindow  mainwindow.update_parameters_table:3937  update_parameters_table: rebuilding (force=True)
2026-05-29 23:44:15,839  INFO      IsotopeTrack.MainWindow  mainwindow.apply_theme:937  Theme applied: dark
2026-05-29 23:44:21,901  INFO      IsotopeTrack.MainWindow  mainwindow.apply_theme:937  Theme applied: light
2026-05-29 23:44:38,374  INFO      IsotopeTrack  .None:0  [USER ACTION] MENU: File -> Load Project
2026-05-29 23:44:38,374  INFO      IsotopeTrack  .None:0  [USER ACTION] MENU: File → Load Project
2026-05-29 23:44:45,021  DEBUG     IsotopeTrack.MainWindow  mainwindow.update_parameters_table:3937  update_parameters_table: rebuilding (force=True)
2026-05-29 23:44:45,127  INFO      IsotopeTrack  .None:0  [USER ACTION] SAMPLE_SELECT: Selected sample: 2710a_100000x_3
2026-05-29 23:44:45,199  INFO      IsotopeTrack  .None:0  [USER ACTION] NEW_WINDOW: Opened Workflow Builder canvas
2026-05-29 23:44:45,200  INFO      IsotopeTrack  .None:0  [USER ACTION] DATA_OP: Added node: Multi-Sample
2026-05-29 23:44:45,200  INFO      IsotopeTrack  .None:0  [USER ACTION] DATA_OP: Added node: Single Sample
2026-05-29 23:44:45,201  INFO      IsotopeTrack  .None:0  [USER ACTION] FILE_OP: Project Load: project file
2026-05-29 23:45:20,617  INFO      IsotopeTrack  .None:0  [USER ACTION] DIALOG_OPEN: Opened Ionic Calibration
2026-05-29 23:45:20,730  INFO      IsotopeTrack  .None:0  [USER ACTION] DIALOG_OPEN: Opened Ionic Calibration window
2026-05-29 23:45:28,125  INFO      IsotopeTrack  .None:0  [USER ACTION] CLICK: Opened results dialog
2026-05-29 23:49:29,534  CRITICAL  IsotopeTrack  .None:0  Unhandled exception: SystemError: <method 'disconnect' of 'PySide6.QtCore.SignalInstance' objects> returned a result with an exception set
RuntimeError: libshiboken: Internal C++ object (IonicCalibrationWindow) already deleted.

The above exception was the direct cause of the following exception:

Traceback (most recent call last):
  File "/Users/Houssame-E/Desktop/App_mac/calibration_methods/ionic_CAL.py", line 477, in <lambda>
    self.destroyed.connect(lambda *_: self._theme_cleanup())
                                      ~~~~~~~~~~~~~~~~~~~^^
  File "/Users/Houssame-E/Desktop/App_mac/theme.py", line 352, in _disconnect
    self.themeChanged.disconnect(slot)
    ~~~~~~~~~~~~~~~~~~~~~~~~~~~~^^^^^^
SystemError: <method 'disconnect' of 'PySide6.QtCore.SignalInstance' objects> returned a result with an exception set
