2026-05-29 11:29:59,565  INFO      IsotopeTrack.MainWindow  mainwindow.__init__:159  MainWindow initialization starting
2026-05-29 11:29:59,565  INFO      IsotopeTrack  .None:0  [USER ACTION] STARTUP: Application started
2026-05-29 11:29:59,904  INFO      IsotopeTrack.MainWindow  mainwindow.apply_theme:896  Theme applied: light
2026-05-29 11:33:03,168  INFO      IsotopeTrack  .None:0  [USER ACTION] MENU: File -> Load Project
2026-05-29 11:33:03,169  INFO      IsotopeTrack  .None:0  [USER ACTION] MENU: File → Load Project
2026-05-29 11:33:07,780  INFO      IsotopeTrack  .None:0  [USER ACTION] SAMPLE_SELECT: Selected sample: 2710a_100000x_3
2026-05-29 11:33:08,061  INFO      IsotopeTrack  .None:0  [USER ACTION] NEW_WINDOW: Opened Workflow Builder canvas
2026-05-29 11:33:08,061  INFO      IsotopeTrack  .None:0  [USER ACTION] DATA_OP: Added node: Multi-Sample
2026-05-29 11:33:08,062  INFO      IsotopeTrack  .None:0  [USER ACTION] DATA_OP: Added node: Single Sample
2026-05-29 11:33:08,062  INFO      IsotopeTrack  .None:0  [USER ACTION] FILE_OP: Project Load: project file
2026-05-29 11:33:08,944  INFO      IsotopeTrack  .None:0  [USER ACTION] CLICK: Opened results dialog
2026-05-29 11:33:11,128  INFO      IsotopeTrack  .None:0  [USER ACTION] CLICK: Dragged node from palette: Clustering
2026-05-29 11:33:11,396  INFO      IsotopeTrack  .None:0  [USER ACTION] DATA_OP: Added node: Clustering Analysis
2026-05-29 11:33:12,865  INFO      IsotopeTrack  .None:0  [USER ACTION] DATA_OP: Connected: Multi-Sample → Clustering Analysis
2026-05-29 11:33:14,085  INFO      IsotopeTrack  .None:0  [USER ACTION] DIALOG_OPEN: Opened viz node: Clustering
2026-05-29 11:33:21,745  INFO      IsotopeTrack  .None:0  [USER ACTION] DATA_OP: Added node: Clustering Analysis
2026-05-29 11:33:21,745  INFO      IsotopeTrack  .None:0  [USER ACTION] CLICK: Duplicated node: Clustering Analysis
2026-05-29 11:33:24,984  INFO      IsotopeTrack  .None:0  [USER ACTION] DATA_OP: Connected: Single Sample → Clustering Analysis
2026-05-29 11:33:27,748  INFO      IsotopeTrack  .None:0  [USER ACTION] SAMPLE_SELECT: Canvas node configured: 2710a_100000x_3
2026-05-29 11:33:28,495  INFO      IsotopeTrack  .None:0  [USER ACTION] DIALOG_OPEN: Opened viz node: Clustering
2026-05-29 11:34:19,759  CRITICAL  IsotopeTrack  .None:0  Unhandled exception: TypeError: apply_font_to_matplotlib() missing 1 required positional argument: 'config'
Traceback (most recent call last):
  File "/Users/Houssame-E/Desktop/App_mac/results/results_cluster.py", line 2174, in <lambda>
    self._cluster_view_3d.clicked.connect(lambda: self._switch_cluster_view('3d'))
                                                  ~~~~~~~~~~~~~~~~~~~~~~~~~^^^^^^
  File "/Users/Houssame-E/Desktop/App_mac/results/results_cluster.py", line 2281, in _switch_cluster_view
    self._draw_3d()
    ~~~~~~~~~~~~~^^
  File "/Users/Houssame-E/Desktop/App_mac/results/results_cluster.py", line 2822, in _draw_3d
    self._draw_3d_into(self._3d_fig)
    ~~~~~~~~~~~~~~~~~~^^^^^^^^^^^^^^
  File "/Users/Houssame-E/Desktop/App_mac/results/results_cluster.py", line 2914, in _draw_3d_into
    apply_font_to_matplotlib(cfg)
    ~~~~~~~~~~~~~~~~~~~~~~~~^^^^^
TypeError: apply_font_to_matplotlib() missing 1 required positional argument: 'config'
2026-05-29 11:34:21,146  CRITICAL  IsotopeTrack  .None:0  Unhandled exception: TypeError: apply_font_to_matplotlib() missing 1 required positional argument: 'config'
Traceback (most recent call last):
  File "/Users/Houssame-E/Desktop/App_mac/results/results_cluster.py", line 2174, in <lambda>
    self._cluster_view_3d.clicked.connect(lambda: self._switch_cluster_view('3d'))
                                                  ~~~~~~~~~~~~~~~~~~~~~~~~~^^^^^^
  File "/Users/Houssame-E/Desktop/App_mac/results/results_cluster.py", line 2281, in _switch_cluster_view
    self._draw_3d()
    ~~~~~~~~~~~~~^^
  File "/Users/Houssame-E/Desktop/App_mac/results/results_cluster.py", line 2822, in _draw_3d
    self._draw_3d_into(self._3d_fig)
    ~~~~~~~~~~~~~~~~~~^^^^^^^^^^^^^^
  File "/Users/Houssame-E/Desktop/App_mac/results/results_cluster.py", line 2914, in _draw_3d_into
    apply_font_to_matplotlib(cfg)
    ~~~~~~~~~~~~~~~~~~~~~~~~^^^^^
TypeError: apply_font_to_matplotlib() missing 1 required positional argument: 'config'
