2026-05-30 09:08:58,344  INFO      IsotopeTrack.MainWindow  mainwindow.__init__:159  MainWindow initialization starting
2026-05-30 09:08:58,344  INFO      IsotopeTrack  .None:0  [USER ACTION] STARTUP: Application started
2026-05-30 09:08:58,587  DEBUG     IsotopeTrack.MainWindow  mainwindow.update_parameters_table:3951  update_parameters_table: rebuilding (force=True)
2026-05-30 09:08:58,695  INFO      IsotopeTrack.MainWindow  mainwindow.apply_theme:922  Theme applied: dark
2026-05-30 09:09:06,122  INFO      IsotopeTrack  .None:0  [USER ACTION] CLICK: Sidebar collapsed
2026-05-30 09:09:07,305  INFO      IsotopeTrack  .None:0  [USER ACTION] CLICK: Sidebar expanded
2026-05-30 09:09:08,372  INFO      IsotopeTrack  .None:0  [USER ACTION] CLICK: Sidebar collapsed
2026-05-30 09:09:09,292  INFO      IsotopeTrack  .None:0  [USER ACTION] CLICK: Sidebar expanded
2026-05-30 09:09:12,853  INFO      IsotopeTrack.MainWindow  mainwindow.apply_theme:922  Theme applied: light
2026-05-30 09:09:45,338  INFO      IsotopeTrack  .None:0  [USER ACTION] CLICK: Sidebar collapsed
2026-05-30 09:09:46,374  INFO      IsotopeTrack  .None:0  [USER ACTION] CLICK: Sidebar expanded
2026-05-30 09:09:58,642  INFO      IsotopeTrack  .None:0  [USER ACTION] DIALOG_OPEN: Opened Ionic Calibration
2026-05-30 09:09:58,753  INFO      IsotopeTrack  .None:0  [USER ACTION] DIALOG_OPEN: Opened Ionic Calibration window
2026-05-30 09:10:06,034  INFO      IsotopeTrack  .None:0  [USER ACTION] DIALOG_OPEN: Opened Transport Rate Calibration
2026-05-30 09:10:06,148  INFO      IsotopeTrack  .None:0  [USER ACTION] DIALOG_OPEN: Opened Transport Rate Calibration
2026-05-30 09:10:07,399  INFO      IsotopeTrack  .None:0  [USER ACTION] CLICK: Transport Rate method switched: Number based
2026-05-30 09:10:09,091  INFO      IsotopeTrack  .None:0  [USER ACTION] CLICK: Transport Rate method switched: Liquid weight
2026-05-30 09:10:10,491  INFO      IsotopeTrack  .None:0  [USER ACTION] CLICK: Transport Rate method switched: Mass based
2026-05-30 09:10:42,219  CRITICAL  IsotopeTrack  .None:0  Unhandled exception: SystemError: <method 'disconnect' of 'PySide6.QtCore.SignalInstance' objects> returned a result with an exception set
RuntimeError: libshiboken: Internal C++ object (NumberMethodWidget) already deleted.

The above exception was the direct cause of the following exception:

Traceback (most recent call last):
  File "/Users/Houssame-E/Desktop/App_mac/calibration_methods/TE_number.py", line 196, in <lambda>
    self.destroyed.connect(lambda *_: self._theme_cleanup())
                                      ~~~~~~~~~~~~~~~~~~~^^
  File "/Users/Houssame-E/Desktop/App_mac/theme.py", line 351, in _disconnect
    self.themeChanged.disconnect(slot)
    ~~~~~~~~~~~~~~~~~~~~~~~~~~~~^^^^^^
SystemError: <method 'disconnect' of 'PySide6.QtCore.SignalInstance' objects> returned a result with an exception set
2026-05-30 09:10:42,223  CRITICAL  IsotopeTrack  .None:0  Unhandled exception: SystemError: <method 'disconnect' of 'PySide6.QtCore.SignalInstance' objects> returned a result with an exception set
RuntimeError: libshiboken: Internal C++ object (IonicCalibrationWindow) already deleted.

The above exception was the direct cause of the following exception:

Traceback (most recent call last):
  File "/Users/Houssame-E/Desktop/App_mac/calibration_methods/ionic_CAL.py", line 477, in <lambda>
    self.destroyed.connect(lambda *_: self._theme_cleanup())
                                      ~~~~~~~~~~~~~~~~~~~^^
  File "/Users/Houssame-E/Desktop/App_mac/theme.py", line 351, in _disconnect
    self.themeChanged.disconnect(slot)
    ~~~~~~~~~~~~~~~~~~~~~~~~~~~~^^^^^^
SystemError: <method 'disconnect' of 'PySide6.QtCore.SignalInstance' objects> returned a result with an exception set
2026-05-30 09:10:42,226  CRITICAL  IsotopeTrack  .None:0  Unhandled exception: SystemError: <method 'disconnect' of 'PySide6.QtCore.SignalInstance' objects> returned a result with an exception set
RuntimeError: libshiboken: Internal C++ object (TransportRateCalibrationWindow) already deleted.

The above exception was the direct cause of the following exception:

Traceback (most recent call last):
  File "/Users/Houssame-E/Desktop/App_mac/calibration_methods/TE.py", line 58, in <lambda>
    self.destroyed.connect(lambda *_: self._theme_cleanup())
                                      ~~~~~~~~~~~~~~~~~~~^^
  File "/Users/Houssame-E/Desktop/App_mac/theme.py", line 351, in _disconnect
    self.themeChanged.disconnect(slot)
    ~~~~~~~~~~~~~~~~~~~~~~~~~~~~^^^^^^
SystemError: <method 'disconnect' of 'PySide6.QtCore.SignalInstance' objects> returned a result with an exception set
2026-05-30 09:10:42,228  CRITICAL  IsotopeTrack  .None:0  Unhandled exception: SystemError: <method 'disconnect' of 'PySide6.QtCore.SignalInstance' objects> returned a result with an exception set
RuntimeError: libshiboken: Internal C++ object (MassMethodWidget) already deleted.

The above exception was the direct cause of the following exception:

Traceback (most recent call last):
  File "/Users/Houssame-E/Desktop/App_mac/calibration_methods/TE_mass.py", line 163, in <lambda>
    self.destroyed.connect(lambda *_: self._theme_cleanup())
                                      ~~~~~~~~~~~~~~~~~~~^^
  File "/Users/Houssame-E/Desktop/App_mac/theme.py", line 351, in _disconnect
    self.themeChanged.disconnect(slot)
    ~~~~~~~~~~~~~~~~~~~~~~~~~~~~^^^^^^
SystemError: <method 'disconnect' of 'PySide6.QtCore.SignalInstance' objects> returned a result with an exception set
2026-05-30 09:10:42,234  CRITICAL  IsotopeTrack  .None:0  Unhandled exception: SystemError: <method 'disconnect' of 'PySide6.QtCore.SignalInstance' objects> returned a result with an exception set
RuntimeError: libshiboken: Internal C++ object (PeriodicTableWidget) already deleted.

The above exception was the direct cause of the following exception:

Traceback (most recent call last):
  File "/Users/Houssame-E/Desktop/App_mac/widget/periodic_table_widget.py", line 804, in <lambda>
    self.destroyed.connect(lambda *_: self._theme_cleanup())
                                      ~~~~~~~~~~~~~~~~~~~^^
  File "/Users/Houssame-E/Desktop/App_mac/theme.py", line 351, in _disconnect
    self.themeChanged.disconnect(slot)
    ~~~~~~~~~~~~~~~~~~~~~~~~~~~~^^^^^^
SystemError: <method 'disconnect' of 'PySide6.QtCore.SignalInstance' objects> returned a result with an exception set
