2026-06-05 23:15:01,255  INFO      IsotopeTrack.MainWindow  mainwindow.__init__:407  MainWindow initialization starting
2026-06-05 23:15:01,256  INFO      IsotopeTrack  .None:0  [USER ACTION] STARTUP: Application started
2026-06-05 23:15:01,332  DEBUG     IsotopeTrack.MainWindow  mainwindow.update_parameters_table:4383  update_parameters_table: rebuilding (force=True)
2026-06-05 23:15:01,382  CRITICAL  IsotopeTrack  .None:0  Unhandled exception: Exception: Invalid icon name "eraser"" in font "fa6s"
Traceback (most recent call last):
  File "/Users/Houssame-E/Desktop/App_mac/mainwindow.py", line 8379, in <module>
    main_window = MainWindow()
  File "/Users/Houssame-E/Desktop/App_mac/mainwindow.py", line 491, in __init__
    self.apply_theme()
    ~~~~~~~~~~~~~~~~^^
  File "/Users/Houssame-E/Desktop/App_mac/mainwindow.py", line 1204, in apply_theme
    item.setIcon(qta.icon(icon_name, color=p.text_primary))
                 ~~~~~~~~^^^^^^^^^^^^^^^^^^^^^^^^^^^^^^^^^
  File "/Library/Frameworks/Python.framework/Versions/3.13/lib/python3.13/site-packages/qtawesome/__init__.py", line 268, in icon
    return _instance().icon(*names, **kwargs)
           ~~~~~~~~~~~~~~~~^^^^^^^^^^^^^^^^^^
  File "/Library/Frameworks/Python.framework/Versions/3.13/lib/python3.13/site-packages/qtawesome/iconic_font.py", line 463, in icon
    self._parse_options(specific_options, general_options, names[i])
    ~~~~~~~~~~~~~~~~~~~^^^^^^^^^^^^^^^^^^^^^^^^^^^^^^^^^^^^^^^^^^^^^
  File "/Library/Frameworks/Python.framework/Versions/3.13/lib/python3.13/site-packages/qtawesome/iconic_font.py", line 529, in _parse_options
    prefix, chars = self._get_prefix_chars(names)
                    ~~~~~~~~~~~~~~~~~~~~~~^^^^^^^
  File "/Library/Frameworks/Python.framework/Versions/3.13/lib/python3.13/site-packages/qtawesome/iconic_font.py", line 561, in _get_prefix_chars
    raise Exception(error)
Exception: Invalid icon name "eraser"" in font "fa6s"
