2026-05-29 23:35:56,179  INFO      IsotopeTrack.MainWindow  mainwindow.__init__:159  MainWindow initialization starting
2026-05-29 23:35:56,180  INFO      IsotopeTrack  .None:0  [USER ACTION] STARTUP: Application started
2026-05-29 23:35:56,420  DEBUG     IsotopeTrack.MainWindow  mainwindow.update_parameters_table:3937  update_parameters_table: rebuilding (force=True)
2026-05-29 23:35:56,525  INFO      IsotopeTrack.MainWindow  mainwindow.apply_theme:937  Theme applied: light
2026-05-29 23:36:26,437  INFO      IsotopeTrack  .None:0  [USER ACTION] DIALOG_OPEN: Opened Transport Rate Calibration
2026-05-29 23:36:26,546  INFO      IsotopeTrack  .None:0  [USER ACTION] DIALOG_OPEN: Opened Transport Rate Calibration
2026-05-29 23:36:31,566  INFO      IsotopeTrack  .None:0  [USER ACTION] DIALOG_OPEN: Opened Ionic Calibration
2026-05-29 23:36:31,680  INFO      IsotopeTrack  .None:0  [USER ACTION] DIALOG_OPEN: Opened Ionic Calibration window
2026-05-29 23:36:36,366  INFO      IsotopeTrack  .None:0  [USER ACTION] CLICK: Ionic Calibration tab: Manual Sensitivity
2026-05-29 23:36:36,936  INFO      IsotopeTrack  .None:0  [USER ACTION] CLICK: Ionic Calibration tab: Calibration Results
2026-05-29 23:36:37,523  INFO      IsotopeTrack  .None:0  [USER ACTION] CLICK: Ionic Calibration tab: Manual Sensitivity
2026-05-29 23:36:38,208  INFO      IsotopeTrack  .None:0  [USER ACTION] CLICK: Ionic Calibration tab: Calibration Results
2026-05-29 23:36:57,127  CRITICAL  IsotopeTrack  .None:0  Unhandled exception: SystemError: <method 'disconnect' of 'PySide6.QtCore.SignalInstance' objects> returned a result with an exception set
RuntimeError: libshiboken: Internal C++ object (TransportRateCalibrationWindow) already deleted.

The above exception was the direct cause of the following exception:

Traceback (most recent call last):
  File "/Users/Houssame-E/Desktop/App_mac/calibration_methods/TE.py", line 58, in <lambda>
    self.destroyed.connect(lambda *_: self._theme_cleanup())
                                      ~~~~~~~~~~~~~~~~~~~^^
  File "/Users/Houssame-E/Desktop/App_mac/theme.py", line 352, in _disconnect
    self.themeChanged.disconnect(slot)
    ~~~~~~~~~~~~~~~~~~~~~~~~~~~~^^^^^^
SystemError: <method 'disconnect' of 'PySide6.QtCore.SignalInstance' objects> returned a result with an exception set
2026-05-29 23:36:57,128  CRITICAL  IsotopeTrack  .None:0  Unhandled exception: SystemError: <method 'disconnect' of 'PySide6.QtCore.SignalInstance' objects> returned a result with an exception set
RuntimeError: libshiboken: Internal C++ object (InputMethodCalibration) already deleted.

The above exception was the direct cause of the following exception:

Traceback (most recent call last):
  File "/Users/Houssame-E/Desktop/App_mac/calibration_methods/TE_input.py", line 34, in <lambda>
    self.destroyed.connect(lambda *_: self._theme_cleanup())
                                      ~~~~~~~~~~~~~~~~~~~^^
  File "/Users/Houssame-E/Desktop/App_mac/theme.py", line 352, in _disconnect
    self.themeChanged.disconnect(slot)
    ~~~~~~~~~~~~~~~~~~~~~~~~~~~~^^^^^^
SystemError: <method 'disconnect' of 'PySide6.QtCore.SignalInstance' objects> returned a result with an exception set
2026-05-29 23:36:57,131  CRITICAL  IsotopeTrack  .None:0  Unhandled exception: SystemError: <method 'disconnect' of 'PySide6.QtCore.SignalInstance' objects> returned a result with an exception set
RuntimeError: libshiboken: Internal C++ object (IonicCalibrationWindow) already deleted.

The above exception was the direct cause of the following exception:

Traceback (most recent call last):
  File "/Users/Houssame-E/Desktop/App_mac/calibration_methods/ionic_CAL.py", line 477, in <lambda>
    self.destroyed.connect(lambda *_: self._theme_cleanup())
                                      ~~~~~~~~~~~~~~~~~~~^^
  File "/Users/Houssame-E/Desktop/App_mac/theme.py", line 352, in _disconnect
    self.themeChanged.disconnect(slot)
    ~~~~~~~~~~~~~~~~~~~~~~~~~~~~^^^^^^
SystemError: <method 'disconnect' of 'PySide6.QtCore.SignalInstance' objects> returned a result with an exception set
2026-05-29 23:36:57,136  CRITICAL  IsotopeTrack  .None:0  Unhandled exception: SystemError: <method 'disconnect' of 'PySide6.QtCore.SignalInstance' objects> returned a result with an exception set
RuntimeError: libshiboken: Internal C++ object (MassMethodWidget) already deleted.

The above exception was the direct cause of the following exception:

Traceback (most recent call last):
  File "/Users/Houssame-E/Desktop/App_mac/calibration_methods/TE_mass.py", line 163, in <lambda>
    self.destroyed.connect(lambda *_: self._theme_cleanup())
                                      ~~~~~~~~~~~~~~~~~~~^^
  File "/Users/Houssame-E/Desktop/App_mac/theme.py", line 352, in _disconnect
    self.themeChanged.disconnect(slot)
    ~~~~~~~~~~~~~~~~~~~~~~~~~~~~^^^^^^
SystemError: <method 'disconnect' of 'PySide6.QtCore.SignalInstance' objects> returned a result with an exception set
