2026-05-30 00:24:38,409  INFO      IsotopeTrack.MainWindow  mainwindow.__init__:159  MainWindow initialization starting
2026-05-30 00:24:38,409  INFO      IsotopeTrack  .None:0  [USER ACTION] STARTUP: Application started
2026-05-30 00:24:38,484  DEBUG     IsotopeTrack.MainWindow  mainwindow.update_parameters_table:3951  update_parameters_table: rebuilding (force=True)
2026-05-30 00:24:38,542  INFO      IsotopeTrack.MainWindow  mainwindow.apply_theme:922  Theme applied: light
2026-05-30 00:24:41,759  INFO      IsotopeTrack.MainWindow  mainwindow.apply_theme:922  Theme applied: dark
2026-05-30 00:24:47,487  INFO      IsotopeTrack  .None:0  [USER ACTION] MENU: File -> Load Project
2026-05-30 00:24:47,488  INFO      IsotopeTrack  .None:0  [USER ACTION] MENU: File → Load Project
2026-05-30 00:24:53,361  DEBUG     IsotopeTrack.MainWindow  mainwindow.update_parameters_table:3951  update_parameters_table: rebuilding (force=True)
2026-05-30 00:24:53,463  INFO      IsotopeTrack  .None:0  [USER ACTION] SAMPLE_SELECT: Selected sample: 2710a_100000x_3
2026-05-30 00:24:53,535  INFO      IsotopeTrack  .None:0  [USER ACTION] NEW_WINDOW: Opened Workflow Builder canvas
2026-05-30 00:24:53,536  INFO      IsotopeTrack  .None:0  [USER ACTION] DATA_OP: Added node: Multi-Sample
2026-05-30 00:24:53,536  INFO      IsotopeTrack  .None:0  [USER ACTION] DATA_OP: Added node: Single Sample
2026-05-30 00:24:53,536  INFO      IsotopeTrack  .None:0  [USER ACTION] FILE_OP: Project Load: project file
2026-05-30 00:25:06,887  INFO      IsotopeTrack.MainWindow  mainwindow.apply_theme:922  Theme applied: light
2026-05-30 00:25:18,777  INFO      IsotopeTrack.MainWindow  mainwindow.apply_theme:922  Theme applied: dark
2026-05-30 00:25:20,921  INFO      IsotopeTrack.MainWindow  mainwindow.apply_theme:922  Theme applied: light
2026-05-30 00:25:24,657  INFO      IsotopeTrack.MainWindow  mainwindow.apply_theme:922  Theme applied: dark
2026-05-30 00:25:26,708  INFO      IsotopeTrack.MainWindow  mainwindow.apply_theme:922  Theme applied: light
2026-05-30 00:31:33,402  CRITICAL  IsotopeTrack  .None:0  Unhandled exception: SystemError: <method 'disconnect' of 'PySide6.QtCore.SignalInstance' objects> returned a result with an exception set
RuntimeError: libshiboken: Internal C++ object (PeriodicTableWidget) already deleted.

The above exception was the direct cause of the following exception:

Traceback (most recent call last):
  File "/Users/Houssame-E/Desktop/App_mac/widget/periodic_table_widget.py", line 804, in <lambda>
    self.destroyed.connect(lambda *_: self._theme_cleanup())
                                      ~~~~~~~~~~~~~~~~~~~^^
  File "/Users/Houssame-E/Desktop/App_mac/theme.py", line 351, in _disconnect
    self.themeChanged.disconnect(slot)
    ~~~~~~~~~~~~~~~~~~~~~~~~~~~~^^^^^^
SystemError: <method 'disconnect' of 'PySide6.QtCore.SignalInstance' objects> returned a result with an exception set
